android/app/build/outputs/mapping/release/seeds.txt
com.aftersale.MainActivity
com.aftersale.MainActivity: MainActivity()
com.aftersale.MainApplication
com.aftersale.MainApplication: MainApplication()
com.aftersale.R$anim: int abc_fade_in
com.aftersale.R$anim: int abc_fade_out
com.aftersale.R$anim: int abc_grow_fade_in_from_bottom
com.aftersale.R$anim: int abc_popup_enter
com.aftersale.R$anim: int abc_popup_exit
com.aftersale.R$anim: int abc_shrink_fade_out_from_bottom
com.aftersale.R$anim: int abc_slide_in_bottom
com.aftersale.R$anim: int abc_slide_in_top
com.aftersale.R$anim: int abc_slide_out_bottom
com.aftersale.R$anim: int abc_slide_out_top
com.aftersale.R$anim: int catalyst_push_up_in
com.aftersale.R$anim: int catalyst_push_up_out
com.aftersale.R$anim: int fade_in
com.aftersale.R$anim: int fade_out
com.aftersale.R$anim: int slide_down
com.aftersale.R$anim: int slide_up
com.aftersale.R$attr: int actionBarDivider
com.aftersale.R$attr: int actionBarItemBackground
com.aftersale.R$attr: int actionBarPopupTheme
com.aftersale.R$attr: int actionBarSize
com.aftersale.R$attr: int actionBarSplitStyle
com.aftersale.R$attr: int actionBarStyle
com.aftersale.R$attr: int actionBarTabBarStyle
com.aftersale.R$attr: int actionBarTabStyle
com.aftersale.R$attr: int actionBarTabTextStyle
com.aftersale.R$attr: int actionBarTheme
com.aftersale.R$attr: int actionBarWidgetTheme
com.aftersale.R$attr: int actionButtonStyle
com.aftersale.R$attr: int actionDropDownStyle
com.aftersale.R$attr: int actionLayout
com.aftersale.R$attr: int actionMenuTextAppearance
com.aftersale.R$attr: int actionMenuTextColor
com.aftersale.R$attr: int actionModeBackground
com.aftersale.R$attr: int actionModeCloseButtonStyle
com.aftersale.R$attr: int actionModeCloseDrawable
com.aftersale.R$attr: int actionModeCopyDrawable
com.aftersale.R$attr: int actionModeCutDrawable
com.aftersale.R$attr: int actionModeFindDrawable
com.aftersale.R$attr: int actionModePasteDrawable
com.aftersale.R$attr: int actionModePopupWindowStyle
com.aftersale.R$attr: int actionModeSelectAllDrawable
com.aftersale.R$attr: int actionModeShareDrawable
com.aftersale.R$attr: int actionModeSplitBackground
com.aftersale.R$attr: int actionModeStyle
com.aftersale.R$attr: int actionModeWebSearchDrawable
com.aftersale.R$attr: int actionOverflowButtonStyle
com.aftersale.R$attr: int actionOverflowMenuStyle
com.aftersale.R$bool: int abc_action_bar_embed_tabs
com.aftersale.R$bool: int abc_action_bar_embed_tabs_pre_jb
com.aftersale.R$bool: int abc_action_bar_expanded_action_views_exclusive
com.aftersale.R$bool: int abc_config_actionMenuItemAllCaps
com.aftersale.R$bool: int abc_config_allowActionMenuItemTextWithIcon
com.aftersale.R$bool: int abc_config_closeDialogWhenTouchOutside
com.aftersale.R$bool: int abc_config_showMenuShortcutsWhenKeyboardPresent
...
com.facebook.react.modules.core.HeadlessJsTaskSupportModule
com.facebook.react.modules.core.HeadlessJsTaskSupportModule: java.lang.String MODULE_NAME
com.facebook.react.modules.core.HeadlessJsTaskSupportModule: HeadlessJsTaskSupportModule(com.facebook.react.bridge.ReactApplicationContext)
com.facebook.react.modules.core.HeadlessJsTaskSupportModule: java.lang.String getName()
com.facebook.react.modules.core.HeadlessJsTaskSupportModule: void notifyTaskFinished(int)
com.facebook.react.modules.core.JSTimers
com.facebook.react.modules.core.JSTimers: void callTimers(com.facebook.react.bridge.WritableArray)
com.facebook.react.modules.core.JSTimers: void callIdleCallbacks(double)
com.facebook.react.modules.core.JSTimers: void emitTimeDriftWarning(java.lang.String)
com.facebook.react.modules.core.RCTNativeAppEventEmitter
com.facebook.react.modules.core.RCTNativeAppEventEmitter: void emit(java.lang.String,java.lang.Object)
com.facebook.react.modules.core.ReactChoreographer$CallbackType: com.facebook.react.modules.core.ReactChoreographer$CallbackType[] values()
com.facebook.react.modules.core.ReactChoreographer$CallbackType: com.facebook.react.modules.core.ReactChoreographer$CallbackType valueOf(java.lang.String)
com.facebook.react.modules.core.Timing
com.facebook.react.modules.core.Timing: java.lang.String NAME
com.facebook.react.modules.core.Timing: float IDLE_CALLBACK_FRAME_DEADLINE_MS
com.facebook.react.modules.core.Timing: float FRAME_DURATION_MS
com.facebook.react.modules.core.Timing: com.facebook.react.devsupport.interfaces.DevSupportManager mDevSupportManager
com.facebook.react.modules.core.Timing: java.lang.Object mTimerGuard
com.facebook.react.modules.core.Timing: java.lang.Object mIdleCallbackGuard
com.facebook.react.modules.core.Timing: java.util.PriorityQueue mTimers
com.facebook.react.modules.core.Timing: android.util.SparseArray mTimerIdsToTimers
com.facebook.react.modules.core.Timing: java.util.concurrent.atomic.AtomicBoolean isPaused
com.facebook.react.modules.core.Timing: java.util.concurrent.atomic.AtomicBoolean isRunningTasks
com.facebook.react.modules.core.Timing: com.facebook.react.modules.core.Timing$TimerFrameCallback mTimerFrameCallback
com.facebook.react.modules.core.Timing: com.facebook.react.modules.core.Timing$IdleFrameCallback mIdleFrameCallback
com.facebook.react.modules.core.Timing: com.facebook.react.modules.core.ReactChoreographer mReactChoreographer
com.facebook.react.modules.core.Timing: com.facebook.react.modules.core.Timing$IdleCallbackRunnable mCurrentIdleCallbackRunnable
com.facebook.react.modules.core.Timing: boolean mFrameCallbackPosted
com.facebook.react.modules.core.Timing: boolean mFrameIdleCallbackPosted