android/app/build/outputs/mapping/release/usage.txt
com.aftersale.BuildConfig
com.aftersale.R
com.aftersale.R$anim
com.aftersale.R$attr
com.aftersale.R$bool
com.aftersale.R$color
com.aftersale.R$dimen
com.aftersale.R$drawable
com.aftersale.R$id
com.aftersale.R$integer
com.aftersale.R$layout
com.aftersale.R$mipmap
com.aftersale.R$string
com.aftersale.R$style
com.aftersale.R$styleable
com.aftersale.R$xml
...
com.facebook.imagepipeline.cache.BitmapMemoryCacheKey:
    101:101:public java.lang.String getPostprocessorName()
    119:119:public java.lang.Object getCallerContext()
    123:123:public long getInBitmapCacheSince()
com.facebook.imagepipeline.cache.BitmapMemoryCacheTrimStrategy:
    private static final java.lang.String TAG
    30:45:public double getTrimRatio(com.facebook.common.memory.MemoryTrimType)
com.facebook.imagepipeline.cache.BitmapMemoryCacheTrimStrategy$1
com.facebook.imagepipeline.cache.BufferedDiskCache:
    85:88:public bolts.Task contains(com.facebook.cache.common.CacheKey)
    93:109:private bolts.Task containsAsync(com.facebook.cache.common.CacheKey)
    270:287:public bolts.Task remove(com.facebook.cache.common.CacheKey)
    38:38:static synthetic boolean access$000(com.facebook.imagepipeline.cache.BufferedDiskCache,com.facebook.cache.common.CacheKey)
com.facebook.imagepipeline.cache.BufferedDiskCache$1
com.facebook.imagepipeline.cache.BufferedDiskCache$4
com.facebook.imagepipeline.cache.CountingLruMap:
    42:42:synchronized java.util.ArrayList getKeys()
    47:47:synchronized java.util.ArrayList getValues()
    80:80:public synchronized boolean contains(java.lang.Object)
    126:129:public synchronized java.util.ArrayList clear()
com.facebook.imagepipeline.cache.CountingMemoryCache:
    299:318:public com.facebook.common.references.CloseableReference reuse(java.lang.Object)
    346:354:public void clear()
    371:382:public void trim(com.facebook.common.memory.MemoryTrimType)
    514:514:public synchronized int getCount()
    519:519:public synchronized int getSizeInBytes()
    534:534:public synchronized int getEvictionQueueCount()
    539:539:public synchronized int getEvictionQueueSizeInBytes()
com.facebook.imagepipeline.cache.CountingMemoryCache$1:
    153:154:public void onBitmapCreated(android.graphics.Bitmap,java.lang.Object)
com.facebook.imagepipeline.cache.CountingMemoryCache$CacheTrimStrategy:
    public abstract double getTrimRatio(com.facebook.common.memory.MemoryTrimType)
com.facebook.imagepipeline.cache.DefaultBitmapMemoryCacheParamsSupplier:
    private static final int MAX_CACHE_ENTRIES
    private static final int MAX_EVICTION_QUEUE_SIZE
    private static final int MAX_EVICTION_QUEUE_ENTRIES
    private static final int MAX_CACHE_ENTRY_SIZE
com.facebook.imagepipeline.cache.DefaultEncodedMemoryCacheParamsSupplier:
    private static final int MAX_CACHE_ENTRIES
    private static final int MAX_EVICTION_QUEUE_ENTRIES
com.facebook.imagepipeline.cache.EncodedCountingMemoryCacheFactory:
    18:18:public EncodedCountingMemoryCacheFactory()
com.facebook.imagepipeline.cache.EncodedMemoryCacheFactory:
    15:15:public EncodedMemoryCacheFactory()
com.facebook.imagepipeline.cache.NativeMemoryCacheTrimStrategy:
    private static final java.lang.String TAG
    29:39:public double getTrimRatio(com.facebook.common.memory.MemoryTrimType)
com.facebook.imagepipeline.cache.NativeMemoryCacheTrimStrategy$1
com.facebook.imagepipeline.cache.StagingArea:
    84:95:public boolean remove(com.facebook.cache.common.CacheKey)
com.facebook.imagepipeline.common.ImageDecodeOptionsBuilder:
    36:41:public com.facebook.imagepipeline.common.ImageDecodeOptionsBuilder setFrom(com.facebook.imagepipeline.common.ImageDecodeOptions)
    54:55:public com.facebook.imagepipeline.common.ImageDecodeOptionsBuilder setMinDecodeIntervalMs(int)
    74:75:public com.facebook.imagepipeline.common.ImageDecodeOptionsBuilder setDecodePreviewFrame(boolean)
    103:104:public com.facebook.imagepipeline.common.ImageDecodeOptionsBuilder setUseLastFrameForPreview(boolean)
    127:128:public com.facebook.imagepipeline.common.ImageDecodeOptionsBuilder setDecodeAllFrames(boolean)
    138:139:public com.facebook.imagepipeline.common.ImageDecodeOptionsBuilder setForceStaticImage(boolean)
    165:166:public void setBitmapConfig(android.graphics.Bitmap$Config)